<?xml version="1.0" encoding="UTF-8"?>
<!-- Generated by org.testng.reporters.JUnitXMLReporter -->
<testsuite ignored="0" hostname="LAPTOP-L510J90J" failures="0" tests="3" name="Test" time="94.287" errors="0" timestamp="2023-07-27T01:47:48 PDT">
  <testcase classname="eCommersProject.FlipKart" name="flipkartTest" time="23.824"/>
  <testcase classname="eCommersProject.Ajio" name="ajio" time="36.47"/>
  <testcase classname="eCommersProject.Amazon" name="azmazontest" time="33.92"/>
</testsuite> <!-- Test -->
