<?xml version="1.0" encoding="UTF-8"?>
<testng-results ignored="0" total="1" passed="1" failed="0" skipped="0">
  <reporter-output>
    <line>
      <![CDATA[opening flipkart]]>
    </line>
  </reporter-output>
  <suite started-at="2023-07-31T03:19:52 IST" name="Default suite" finished-at="2023-07-31T03:19:58 IST" duration-ms="5824">
    <groups>
    </groups>
    <test started-at="2023-07-31T03:19:52 IST" name="Default test" finished-at="2023-07-31T03:19:58 IST" duration-ms="5824">
      <class name="eCommersProject.ChandurkarProjectClass">
        <test-method signature="M()[pri:0, instance:eCommersProject.ChandurkarProjectClass@223191a6]" started-at="2023-07-31T03:19:52 IST" name="M" finished-at="2023-07-31T03:19:58 IST" duration-ms="5792" status="PASS">
          <reporter-output>
            <line>
              <![CDATA[opening flipkart]]>
            </line>
          </reporter-output>
        </test-method> <!-- M -->
      </class> <!-- eCommersProject.ChandurkarProjectClass -->
    </test> <!-- Default test -->
  </suite> <!-- Default suite -->
</testng-results>
