<?xml version="1.0" encoding="UTF-8"?>
<testng-results ignored="0" total="1" passed="1" failed="0" skipped="0">
  <reporter-output>
    <line>
      <![CDATA[opening meesho]]>
    </line>
  </reporter-output>
  <suite started-at="2023-07-31T13:38:42 IST" name="Default suite" finished-at="2023-07-31T13:38:49 IST" duration-ms="7289">
    <groups>
    </groups>
    <test started-at="2023-07-31T13:38:42 IST" name="Default test" finished-at="2023-07-31T13:38:49 IST" duration-ms="7289">
      <class name="eCommersProject.Meesho">
        <test-method signature="meesh()[pri:0, instance:eCommersProject.Meesho@223191a6]" started-at="2023-07-31T13:38:42 IST" name="meesh" finished-at="2023-07-31T13:38:49 IST" duration-ms="7246" status="PASS">
          <reporter-output>
            <line>
              <![CDATA[opening meesho]]>
            </line>
          </reporter-output>
        </test-method> <!-- meesh -->
      </class> <!-- eCommersProject.Meesho -->
    </test> <!-- Default test -->
  </suite> <!-- Default suite -->
</testng-results>
